13:40:24; Logfile erstellt: home/uc2/Downloads/Lepmon#SN999999_Th_J_2025-03-01_T_1340/Lepmon#SN999999_Th_J_2025-03-01_T_1340.log
13:40:24; 20 Sekunden sind vergangen, ohne dass der Taster gedrückt wurde.
13:40:24; 2025-03-01
13:40:24; Geografische Breite: 11.0
13:40:24; Geografische Länge:  51.0
13:40:24; Zeitzone: Europe/Berlin
13:40:24; berechneter Beginn Abenddämmerung: 2025-03-02  17:57:06
13:40:24; berechnetes Ende Morgendämmerung:  2025-03-02  06:59:52
13:40:24; Puffer für Dämmerung: 0:30:00
13:40:24; Gesamter Speicherplatz: 113.79 GB
13:40:24; Belegter Speicherplatz: 19.89 GB (17.48%)
13:40:24; Freier Speicherplatz:   88.11 GB (77.43%)
13:40:24; Fehler in der Verbindung zum Lichtsensor. Verbindung RPi - Multiplexor - Sensor überprüfen. Wert des Umgebungslichtes auf Schwellenwert gesetzt: No I2C device at address: 0x23
13:40:24; Warte bis Nachtbeginn: 27:46:42
13:42:23; Fehler in der Verbindung zum Lichtsensor. Verbindung RPi - Multiplexor - Sensor überprüfen. Wert des Umgebungslichtes auf Schwellenwert gesetzt: No I2C device at address: 0x23
13:42:23, Warten bis zur nächsten Aufnahme: 37.0 Sekunden
13:43:58; Fehler in der Verbindung zum Lichtsensor. Verbindung RPi - Multiplexor - Sensor überprüfen. Wert des Umgebungslichtes auf Schwellenwert gesetzt: No I2C device at address: 0x23
13:43:58, Warten bis zur nächsten Aufnahme: 1.0 Sekunden
13:44:09; Fehler in der Verbindung zum Lichtsensor. Verbindung RPi - Multiplexor - Sensor überprüfen. Wert des Umgebungslichtes auf Schwellenwert gesetzt: No I2C device at address: 0x23
13:44:09, Warten bis zur nächsten Aufnahme: 51.0 Sekunden
13:45:09; Fehler in der Verbindung zum Lichtsensor. Verbindung RPi - Multiplexor - Sensor überprüfen. Wert des Umgebungslichtes auf Schwellenwert gesetzt: No I2C device at address: 0x23
13:45:09, Warten bis zur nächsten Aufnahme: 51.0 Sekunden
